<?xml version="1.0" encoding="UTF-8"?>
<!-- Generated by org.testng.reporters.JUnitReportReporter -->
<testsuite name="package1.SelectFacebookDropdown" tests="1" time="73.506" ignored="0" failures="0" timestamp="13 May 2018 14:24:51 GMT" skipped="0" hostname="dell-PC" errors="0">
  <testcase name="SelectDDValues" time="73.506" classname="package1.SelectFacebookDropdown"/>
</testsuite> <!-- package1.SelectFacebookDropdown -->
