<?xml version="1.0" encoding="UTF-8"?>
<!-- Generated by org.testng.reporters.JUnitReportReporter -->
<testsuite name="package1.InvalidLogin" tests="2" time="5.716" ignored="0" failures="0" timestamp="28 Mar 2018 17:54:35 GMT" skipped="0" hostname="dell-PC" errors="0">
  <testcase name="loginToApplication" time="5.383" classname="package1.InvalidLogin"/>
  <testcase name="loginToApplication1" time="0.333" classname="package1.InvalidLogin"/>
</testsuite> <!-- package1.InvalidLogin -->
