<?xml version="1.0" encoding="UTF-8"?>
<!-- Generated by org.testng.reporters.JUnitReportReporter -->
<testsuite name="package1.VerifyErrorMessage2" tests="1" time="123.890" ignored="0" failures="0" timestamp="11 Apr 2018 03:24:35 GMT" skipped="0" hostname="dell-PC" errors="0">
  <testcase name="myTest" time="123.890" classname="package1.VerifyErrorMessage2"/>
</testsuite> <!-- package1.VerifyErrorMessage2 -->
