<?xml version="1.0" encoding="UTF-8"?>
<!-- Generated by org.testng.reporters.JUnitReportReporter -->
<testsuite name="com.actitime.scripts.LoginTest" tests="2" time="135.927" ignored="0" failures="0" timestamp="25 Nov 2017 19:45:02 GMT" skipped="0" hostname="dell-PC" errors="0">
  <testcase name="invalidLoginTest" time="90.850" classname="com.actitime.scripts.LoginTest"/>
  <testcase name="validLoginTest" time="45.077" classname="com.actitime.scripts.LoginTest"/>
</testsuite> <!-- com.actitime.scripts.LoginTest -->
