<?xml version="1.0" encoding="UTF-8"?>
<!-- Generated by org.testng.reporters.JUnitReportReporter -->
<testsuite name="package1.LoginScript" tests="1" time="37.365" ignored="0" failures="0" timestamp="28 Mar 2018 14:25:23 GMT" skipped="0" hostname="dell-PC" errors="0">
  <testcase name="loginToApplication" time="37.365" classname="package1.LoginScript"/>
</testsuite> <!-- package1.LoginScript -->
