<?xml version="1.0" encoding="UTF-8"?>
<!-- Generated by org.testng.reporters.JUnitReportReporter -->
<testsuite name="package1.SelectradioButton" tests="1" time="0.025" ignored="0" failures="0" timestamp="08 Apr 2018 17:43:30 GMT" skipped="0" hostname="dell-PC" errors="0">
  <testcase name="test1" time="0.025" classname="package1.SelectradioButton"/>
</testsuite> <!-- package1.SelectradioButton -->
